[debug] [2021-02-17T17:43:00.208Z] ----------------------------------------------------------------------
[debug] [2021-02-17T17:43:00.210Z] Command:       /usr/local/bin/node /usr/local/bin/firebase emulators:start
[debug] [2021-02-17T17:43:00.211Z] CLI Version:   9.3.0
[debug] [2021-02-17T17:43:00.211Z] Platform:      darwin
[debug] [2021-02-17T17:43:00.211Z] Node Version:  v10.16.3
[debug] [2021-02-17T17:43:00.212Z] Time:          Wed Feb 17 2021 18:43:00 GMT+0100 (West Africa Standard Time)
[debug] [2021-02-17T17:43:00.212Z] ----------------------------------------------------------------------
[debug] [2021-02-17T17:43:00.212Z] 
[debug] [2021-02-17T17:43:00.223Z] > command requires scopes: ["email","openid","https://www.googleapis.com/auth/cloudplatformprojects.readonly","https://www.googleapis.com/auth/firebase","https://www.googleapis.com/auth/cloud-platform"]
[debug] [2021-02-17T17:43:00.223Z] > authorizing via signed-in user
[info] i  emulators: Starting emulators: functions, hosting {"metadata":{"emulator":{"name":"hub"},"message":"Starting emulators: functions, hosting"}}
[debug] [2021-02-17T17:43:00.243Z] [hub] writing locator at /var/folders/hm/bjkxg_c93757qh8d2xq6r7780000gn/T/hub-sell-it-9a549.json
[warn] ⚠  functions: The following emulators are not running, calls to these services from the Functions emulator will affect production: auth, firestore, database, pubsub {"metadata":{"emulator":{"name":"functions"},"message":"The following emulators are not running, calls to these services from the Functions emulator will affect production: \u001b[1mauth, firestore, database, pubsub\u001b[22m"}}
[warn] ⚠  Your requested "node" version "12" doesn't match your global version "10" {"metadata":{"emulator":{"name":"functions"},"message":"Your requested \"node\" version \"12\" doesn't match your global version \"10\""}}
[debug] [2021-02-17T17:43:00.316Z] defaultcredentials: writing to file /Users/graphicsdesigner/.config/firebase/annonbytes_gmail_com_application_default_credentials.json
[debug] [2021-02-17T17:43:00.359Z] Setting GAC to /Users/graphicsdesigner/.config/firebase/annonbytes_gmail_com_application_default_credentials.json {"metadata":{"emulator":{"name":"functions"},"message":"Setting GAC to /Users/graphicsdesigner/.config/firebase/annonbytes_gmail_com_application_default_credentials.json"}}
[debug] [2021-02-17T17:43:00.363Z] >>> [apiv2][query] GET https://firebase.googleapis.com/v1beta1/projects/sell-it-9a549/adminSdkConfig [none]
[debug] [2021-02-17T17:43:01.083Z] <<< [apiv2][status] GET https://firebase.googleapis.com/v1beta1/projects/sell-it-9a549/adminSdkConfig 200
[debug] [2021-02-17T17:43:01.083Z] <<< [apiv2][body] GET https://firebase.googleapis.com/v1beta1/projects/sell-it-9a549/adminSdkConfig {"projectId":"sell-it-9a549","storageBucket":"sell-it-9a549.appspot.com"}
[debug] [2021-02-17T17:43:01.362Z] >>> [apiv2][query] GET https://firebase.googleapis.com/v1beta1/projects/sell-it-9a549/webApps/-/config [none]
[debug] [2021-02-17T17:43:02.352Z] <<< [apiv2][status] GET https://firebase.googleapis.com/v1beta1/projects/sell-it-9a549/webApps/-/config 200
[debug] [2021-02-17T17:43:02.353Z] <<< [apiv2][body] GET https://firebase.googleapis.com/v1beta1/projects/sell-it-9a549/webApps/-/config {"projectId":"sell-it-9a549","appId":"1:260825441998:web:43442db80743ba02be929f","storageBucket":"sell-it-9a549.appspot.com","apiKey":"AIzaSyDP5g3NVo5a4Q4bFYkx5rdvyO1EZRqCJ48","authDomain":"sell-it-9a549.firebaseapp.com","messagingSenderId":"260825441998","measurementId":"G-KK6TMS4FD5"}
[info] i  hosting: Serving hosting files from: build {"metadata":{"emulator":{"name":"hosting"},"message":"Serving hosting files from: \u001b[1mbuild\u001b[22m"}}
[info] ✔  hosting: Local server: http://localhost:5000 {"metadata":{"emulator":{"name":"hosting"},"message":"Local server: \u001b[4m\u001b[1mhttp://localhost:5000\u001b[22m\u001b[24m"}}
[debug] [2021-02-17T17:43:02.397Z] Ignoring unsupported arg: auto_download {"metadata":{"emulator":{"name":"ui"},"message":"Ignoring unsupported arg: auto_download"}}
[debug] [2021-02-17T17:43:02.397Z] Ignoring unsupported arg: port {"metadata":{"emulator":{"name":"ui"},"message":"Ignoring unsupported arg: port"}}
[debug] [2021-02-17T17:43:02.397Z] Starting Emulator UI with command {"binary":"node","args":["/Users/graphicsdesigner/.cache/firebase/emulators/ui-v1.4.1/server.bundle.js"],"optionalArgs":[],"joinArgs":false} {"metadata":{"emulator":{"name":"ui"},"message":"Starting Emulator UI with command {\"binary\":\"node\",\"args\":[\"/Users/graphicsdesigner/.cache/firebase/emulators/ui-v1.4.1/server.bundle.js\"],\"optionalArgs\":[],\"joinArgs\":false}"}}
[info] i  ui: Emulator UI logging to ui-debug.log {"metadata":{"emulator":{"name":"ui"},"message":"Emulator UI logging to \u001b[1mui-debug.log\u001b[22m"}}
[debug] [2021-02-17T17:43:02.559Z] Web / API server started at http://localhost:4000
 {"metadata":{"emulator":{"name":"ui"},"message":"Web / API server started at http://localhost:4000\n"}}
[info] i  functions: Watching "/Users/graphicsdesigner/sell-it/sell-it/functions" for Cloud Functions... {"metadata":{"emulator":{"name":"functions"},"message":"Watching \"/Users/graphicsdesigner/sell-it/sell-it/functions\" for Cloud Functions..."}}
[debug] [2021-02-17T17:43:02.672Z] [worker-pool] addWorker(~diagnostic~) {"metadata":{"emulator":{"name":"functions"},"message":"[worker-pool] addWorker(~diagnostic~)"}}
[debug] [2021-02-17T17:43:02.672Z] [worker-pool] Adding worker with key ~diagnostic~, total=1 {"metadata":{"emulator":{"name":"functions"},"message":"[worker-pool] Adding worker with key ~diagnostic~, total=1"}}
[debug] [2021-02-17T17:43:02.672Z] [worker-pool] submitWork(triggerId=) {"metadata":{"emulator":{"name":"functions"},"message":"[worker-pool] submitWork(triggerId=)"}}
[debug] [2021-02-17T17:43:02.673Z] [worker-~diagnostic~-42201843-a766-4563-b861-d313ebdd4360]: Assigning socketPath: /var/folders/hm/bjkxg_c93757qh8d2xq6r7780000gn/T/fire_emu_30766.sock {"metadata":{"emulator":{"name":"functions"},"message":"[worker-~diagnostic~-42201843-a766-4563-b861-d313ebdd4360]: Assigning socketPath: /var/folders/hm/bjkxg_c93757qh8d2xq6r7780000gn/T/fire_emu_30766.sock"}}
[debug] [2021-02-17T17:43:02.673Z] [worker-~diagnostic~-42201843-a766-4563-b861-d313ebdd4360]: BUSY {"metadata":{"emulator":{"name":"functions"},"message":"[worker-~diagnostic~-42201843-a766-4563-b861-d313ebdd4360]: BUSY"}}
[debug] [2021-02-17T17:43:02.860Z] [runtime-status] [30766] Functions runtime initialized. {"cwd":"/Users/graphicsdesigner/sell-it/sell-it/functions","node_version":"10.16.3"} {"metadata":{"emulator":{"name":"functions"},"message":"[runtime-status] [30766] Functions runtime initialized. {\"cwd\":\"/Users/graphicsdesigner/sell-it/sell-it/functions\",\"node_version\":\"10.16.3\"}"}}
[debug] [2021-02-17T17:43:02.862Z] [runtime-status] [30766] Disabled runtime features: undefined {"metadata":{"emulator":{"name":"functions"},"message":"[runtime-status] [30766] Disabled runtime features: undefined"}}
[debug] [2021-02-17T17:43:02.868Z] [runtime-status] [30766] Resolved module firebase-admin {"declared":true,"installed":true,"version":"9.5.0","resolution":"/Users/graphicsdesigner/sell-it/sell-it/functions/node_modules/firebase-admin/lib/index.js"} {"metadata":{"emulator":{"name":"functions"},"message":"[runtime-status] [30766] Resolved module firebase-admin {\"declared\":true,\"installed\":true,\"version\":\"9.5.0\",\"resolution\":\"/Users/graphicsdesigner/sell-it/sell-it/functions/node_modules/firebase-admin/lib/index.js\"}"}}
[debug] [2021-02-17T17:43:02.870Z] [runtime-status] [30766] Resolved module firebase-functions {"declared":true,"installed":true,"version":"3.13.1","resolution":"/Users/graphicsdesigner/sell-it/sell-it/functions/node_modules/firebase-functions/lib/index.js"} {"metadata":{"emulator":{"name":"functions"},"message":"[runtime-status] [30766] Resolved module firebase-functions {\"declared\":true,\"installed\":true,\"version\":\"3.13.1\",\"resolution\":\"/Users/graphicsdesigner/sell-it/sell-it/functions/node_modules/firebase-functions/lib/index.js\"}"}}
[debug] [2021-02-17T17:43:02.871Z] [runtime-status] [30766] Resolved module firebase-functions {"declared":true,"installed":true,"version":"3.13.1","resolution":"/Users/graphicsdesigner/sell-it/sell-it/functions/node_modules/firebase-functions/lib/index.js"} {"metadata":{"emulator":{"name":"functions"},"message":"[runtime-status] [30766] Resolved module firebase-functions {\"declared\":true,\"installed\":true,\"version\":\"3.13.1\",\"resolution\":\"/Users/graphicsdesigner/sell-it/sell-it/functions/node_modules/firebase-functions/lib/index.js\"}"}}
[debug] [2021-02-17T17:43:02.874Z] [runtime-status] [30766] Outgoing network have been stubbed. [{"name":"http","status":"mocked"},{"name":"http","status":"mocked"},{"name":"https","status":"mocked"},{"name":"https","status":"mocked"},{"name":"net","status":"mocked"}] {"metadata":{"emulator":{"name":"functions"},"message":"[runtime-status] [30766] Outgoing network have been stubbed. [{\"name\":\"http\",\"status\":\"mocked\"},{\"name\":\"http\",\"status\":\"mocked\"},{\"name\":\"https\",\"status\":\"mocked\"},{\"name\":\"https\",\"status\":\"mocked\"},{\"name\":\"net\",\"status\":\"mocked\"}]"}}
[debug] [2021-02-17T17:43:02.875Z] [runtime-status] [30766] Resolved module firebase-functions {"declared":true,"installed":true,"version":"3.13.1","resolution":"/Users/graphicsdesigner/sell-it/sell-it/functions/node_modules/firebase-functions/lib/index.js"} {"metadata":{"emulator":{"name":"functions"},"message":"[runtime-status] [30766] Resolved module firebase-functions {\"declared\":true,\"installed\":true,\"version\":\"3.13.1\",\"resolution\":\"/Users/graphicsdesigner/sell-it/sell-it/functions/node_modules/firebase-functions/lib/index.js\"}"}}
[debug] [2021-02-17T17:43:03.249Z] [runtime-status] [30766] Checked functions.config() {"config":{}} {"metadata":{"emulator":{"name":"functions"},"message":"[runtime-status] [30766] Checked functions.config() {\"config\":{}}"}}
[debug] [2021-02-17T17:43:03.249Z] [runtime-status] [30766] firebase-functions has been stubbed. {"functionsResolution":{"declared":true,"installed":true,"version":"3.13.1","resolution":"/Users/graphicsdesigner/sell-it/sell-it/functions/node_modules/firebase-functions/lib/index.js"}} {"metadata":{"emulator":{"name":"functions"},"message":"[runtime-status] [30766] firebase-functions has been stubbed. {\"functionsResolution\":{\"declared\":true,\"installed\":true,\"version\":\"3.13.1\",\"resolution\":\"/Users/graphicsdesigner/sell-it/sell-it/functions/node_modules/firebase-functions/lib/index.js\"}}"}}
[debug] [2021-02-17T17:43:03.249Z] [runtime-status] [30766] Resolved module firebase-functions {"declared":true,"installed":true,"version":"3.13.1","resolution":"/Users/graphicsdesigner/sell-it/sell-it/functions/node_modules/firebase-functions/lib/index.js"} {"metadata":{"emulator":{"name":"functions"},"message":"[runtime-status] [30766] Resolved module firebase-functions {\"declared\":true,\"installed\":true,\"version\":\"3.13.1\",\"resolution\":\"/Users/graphicsdesigner/sell-it/sell-it/functions/node_modules/firebase-functions/lib/index.js\"}"}}
[debug] [2021-02-17T17:43:03.250Z] [runtime-status] [30766] Resolved module firebase-admin {"declared":true,"installed":true,"version":"9.5.0","resolution":"/Users/graphicsdesigner/sell-it/sell-it/functions/node_modules/firebase-admin/lib/index.js"} {"metadata":{"emulator":{"name":"functions"},"message":"[runtime-status] [30766] Resolved module firebase-admin {\"declared\":true,\"installed\":true,\"version\":\"9.5.0\",\"resolution\":\"/Users/graphicsdesigner/sell-it/sell-it/functions/node_modules/firebase-admin/lib/index.js\"}"}}
[debug] [2021-02-17T17:43:03.251Z] [runtime-status] [30766] Resolved module firebase-functions {"declared":true,"installed":true,"version":"3.13.1","resolution":"/Users/graphicsdesigner/sell-it/sell-it/functions/node_modules/firebase-functions/lib/index.js"} {"metadata":{"emulator":{"name":"functions"},"message":"[runtime-status] [30766] Resolved module firebase-functions {\"declared\":true,\"installed\":true,\"version\":\"3.13.1\",\"resolution\":\"/Users/graphicsdesigner/sell-it/sell-it/functions/node_modules/firebase-functions/lib/index.js\"}"}}
[debug] [2021-02-17T17:43:03.251Z] [runtime-status] [30766] firebase-admin has been stubbed. {"adminResolution":{"declared":true,"installed":true,"version":"9.5.0","resolution":"/Users/graphicsdesigner/sell-it/sell-it/functions/node_modules/firebase-admin/lib/index.js"}} {"metadata":{"emulator":{"name":"functions"},"message":"[runtime-status] [30766] firebase-admin has been stubbed. {\"adminResolution\":{\"declared\":true,\"installed\":true,\"version\":\"9.5.0\",\"resolution\":\"/Users/graphicsdesigner/sell-it/sell-it/functions/node_modules/firebase-admin/lib/index.js\"}}"}}
[info] 
┌─────────────────────────────────────────────────────────────┐
│ ✔  All emulators ready! It is now safe to connect your app. │
│ i  View Emulator UI at http://localhost:4000                │
└─────────────────────────────────────────────────────────────┘

┌───────────┬────────────────┬─────────────────────────────────┐
│ Emulator  │ Host:Port      │ View in Emulator UI             │
├───────────┼────────────────┼─────────────────────────────────┤
│ Functions │ localhost:5001 │ http://localhost:4000/functions │
├───────────┼────────────────┼─────────────────────────────────┤
│ Hosting   │ localhost:5000 │ n/a                             │
└───────────┴────────────────┴─────────────────────────────────┘
  Emulator Hub running at localhost:4400
  Other reserved ports: 4500

Issues? Report them at https://github.com/firebase/firebase-tools/issues and attach the *-debug.log files.
 
[debug] [2021-02-17T17:43:03.259Z] [worker-~diagnostic~-42201843-a766-4563-b861-d313ebdd4360]: IDLE {"metadata":{"emulator":{"name":"functions"},"message":"[worker-~diagnostic~-42201843-a766-4563-b861-d313ebdd4360]: IDLE"}}
[debug] [2021-02-17T17:46:13.836Z] Functions emulator received unknown request at path /
[debug] [2021-02-17T17:53:59.494Z] File /Users/graphicsdesigner/sell-it/sell-it/functions/index.js changed, reloading triggers {"metadata":{"emulator":{"name":"functions"},"message":"File /Users/graphicsdesigner/sell-it/sell-it/functions/index.js changed, reloading triggers"}}
[debug] [2021-02-17T17:54:00.499Z] [worker-pool] Shutting down IDLE worker (~diagnostic~) {"metadata":{"emulator":{"name":"functions"},"message":"[worker-pool] Shutting down IDLE worker (~diagnostic~)"}}
[debug] [2021-02-17T17:54:00.500Z] [worker-~diagnostic~-42201843-a766-4563-b861-d313ebdd4360]: FINISHING {"metadata":{"emulator":{"name":"functions"},"message":"[worker-~diagnostic~-42201843-a766-4563-b861-d313ebdd4360]: FINISHING"}}
[debug] [2021-02-17T17:54:00.506Z] [worker-pool] addWorker(~diagnostic~) {"metadata":{"emulator":{"name":"functions"},"message":"[worker-pool] addWorker(~diagnostic~)"}}
[debug] [2021-02-17T17:54:00.506Z] [worker-pool] Adding worker with key ~diagnostic~, total=2 {"metadata":{"emulator":{"name":"functions"},"message":"[worker-pool] Adding worker with key ~diagnostic~, total=2"}}
[debug] [2021-02-17T17:54:00.507Z] [worker-pool] submitWork(triggerId=) {"metadata":{"emulator":{"name":"functions"},"message":"[worker-pool] submitWork(triggerId=)"}}
[debug] [2021-02-17T17:54:00.507Z] [worker-~diagnostic~-a093e022-a94d-4f5a-87b6-7fb4e385dd87]: Assigning socketPath: /var/folders/hm/bjkxg_c93757qh8d2xq6r7780000gn/T/fire_emu_31289.sock {"metadata":{"emulator":{"name":"functions"},"message":"[worker-~diagnostic~-a093e022-a94d-4f5a-87b6-7fb4e385dd87]: Assigning socketPath: /var/folders/hm/bjkxg_c93757qh8d2xq6r7780000gn/T/fire_emu_31289.sock"}}
[debug] [2021-02-17T17:54:00.507Z] [worker-~diagnostic~-a093e022-a94d-4f5a-87b6-7fb4e385dd87]: BUSY {"metadata":{"emulator":{"name":"functions"},"message":"[worker-~diagnostic~-a093e022-a94d-4f5a-87b6-7fb4e385dd87]: BUSY"}}
[debug] [2021-02-17T17:54:00.509Z] [worker-~diagnostic~-42201843-a766-4563-b861-d313ebdd4360]: exited {"metadata":{"emulator":{"name":"functions"},"message":"[worker-~diagnostic~-42201843-a766-4563-b861-d313ebdd4360]: exited"}}
[debug] [2021-02-17T17:54:00.509Z] [worker-~diagnostic~-42201843-a766-4563-b861-d313ebdd4360]: FINISHED {"metadata":{"emulator":{"name":"functions"},"message":"[worker-~diagnostic~-42201843-a766-4563-b861-d313ebdd4360]: FINISHED"}}
[debug] [2021-02-17T17:54:00.769Z] [runtime-status] [31289] Functions runtime initialized. {"cwd":"/Users/graphicsdesigner/sell-it/sell-it/functions","node_version":"10.16.3"} {"metadata":{"emulator":{"name":"functions"},"message":"[runtime-status] [31289] Functions runtime initialized. {\"cwd\":\"/Users/graphicsdesigner/sell-it/sell-it/functions\",\"node_version\":\"10.16.3\"}"}}
[debug] [2021-02-17T17:54:00.771Z] [runtime-status] [31289] Disabled runtime features: undefined {"metadata":{"emulator":{"name":"functions"},"message":"[runtime-status] [31289] Disabled runtime features: undefined"}}
[debug] [2021-02-17T17:54:00.776Z] [runtime-status] [31289] Resolved module firebase-admin {"declared":true,"installed":true,"version":"9.5.0","resolution":"/Users/graphicsdesigner/sell-it/sell-it/functions/node_modules/firebase-admin/lib/index.js"} {"metadata":{"emulator":{"name":"functions"},"message":"[runtime-status] [31289] Resolved module firebase-admin {\"declared\":true,\"installed\":true,\"version\":\"9.5.0\",\"resolution\":\"/Users/graphicsdesigner/sell-it/sell-it/functions/node_modules/firebase-admin/lib/index.js\"}"}}
[debug] [2021-02-17T17:54:00.777Z] [runtime-status] [31289] Resolved module firebase-functions {"declared":true,"installed":true,"version":"3.13.1","resolution":"/Users/graphicsdesigner/sell-it/sell-it/functions/node_modules/firebase-functions/lib/index.js"} {"metadata":{"emulator":{"name":"functions"},"message":"[runtime-status] [31289] Resolved module firebase-functions {\"declared\":true,\"installed\":true,\"version\":\"3.13.1\",\"resolution\":\"/Users/graphicsdesigner/sell-it/sell-it/functions/node_modules/firebase-functions/lib/index.js\"}"}}
[debug] [2021-02-17T17:54:00.778Z] [runtime-status] [31289] Resolved module firebase-functions {"declared":true,"installed":true,"version":"3.13.1","resolution":"/Users/graphicsdesigner/sell-it/sell-it/functions/node_modules/firebase-functions/lib/index.js"} {"metadata":{"emulator":{"name":"functions"},"message":"[runtime-status] [31289] Resolved module firebase-functions {\"declared\":true,\"installed\":true,\"version\":\"3.13.1\",\"resolution\":\"/Users/graphicsdesigner/sell-it/sell-it/functions/node_modules/firebase-functions/lib/index.js\"}"}}
[debug] [2021-02-17T17:54:00.782Z] [runtime-status] [31289] Outgoing network have been stubbed. [{"name":"http","status":"mocked"},{"name":"http","status":"mocked"},{"name":"https","status":"mocked"},{"name":"https","status":"mocked"},{"name":"net","status":"mocked"}] {"metadata":{"emulator":{"name":"functions"},"message":"[runtime-status] [31289] Outgoing network have been stubbed. [{\"name\":\"http\",\"status\":\"mocked\"},{\"name\":\"http\",\"status\":\"mocked\"},{\"name\":\"https\",\"status\":\"mocked\"},{\"name\":\"https\",\"status\":\"mocked\"},{\"name\":\"net\",\"status\":\"mocked\"}]"}}
[debug] [2021-02-17T17:54:00.783Z] [runtime-status] [31289] Resolved module firebase-functions {"declared":true,"installed":true,"version":"3.13.1","resolution":"/Users/graphicsdesigner/sell-it/sell-it/functions/node_modules/firebase-functions/lib/index.js"} {"metadata":{"emulator":{"name":"functions"},"message":"[runtime-status] [31289] Resolved module firebase-functions {\"declared\":true,\"installed\":true,\"version\":\"3.13.1\",\"resolution\":\"/Users/graphicsdesigner/sell-it/sell-it/functions/node_modules/firebase-functions/lib/index.js\"}"}}
[debug] [2021-02-17T17:54:00.838Z] [runtime-status] [31289] Checked functions.config() {"config":{}} {"metadata":{"emulator":{"name":"functions"},"message":"[runtime-status] [31289] Checked functions.config() {\"config\":{}}"}}
[debug] [2021-02-17T17:54:00.838Z] [runtime-status] [31289] firebase-functions has been stubbed. {"functionsResolution":{"declared":true,"installed":true,"version":"3.13.1","resolution":"/Users/graphicsdesigner/sell-it/sell-it/functions/node_modules/firebase-functions/lib/index.js"}} {"metadata":{"emulator":{"name":"functions"},"message":"[runtime-status] [31289] firebase-functions has been stubbed. {\"functionsResolution\":{\"declared\":true,\"installed\":true,\"version\":\"3.13.1\",\"resolution\":\"/Users/graphicsdesigner/sell-it/sell-it/functions/node_modules/firebase-functions/lib/index.js\"}}"}}
[debug] [2021-02-17T17:54:00.839Z] [runtime-status] [31289] Resolved module firebase-functions {"declared":true,"installed":true,"version":"3.13.1","resolution":"/Users/graphicsdesigner/sell-it/sell-it/functions/node_modules/firebase-functions/lib/index.js"} {"metadata":{"emulator":{"name":"functions"},"message":"[runtime-status] [31289] Resolved module firebase-functions {\"declared\":true,\"installed\":true,\"version\":\"3.13.1\",\"resolution\":\"/Users/graphicsdesigner/sell-it/sell-it/functions/node_modules/firebase-functions/lib/index.js\"}"}}
[debug] [2021-02-17T17:54:00.840Z] [runtime-status] [31289] Resolved module firebase-admin {"declared":true,"installed":true,"version":"9.5.0","resolution":"/Users/graphicsdesigner/sell-it/sell-it/functions/node_modules/firebase-admin/lib/index.js"} {"metadata":{"emulator":{"name":"functions"},"message":"[runtime-status] [31289] Resolved module firebase-admin {\"declared\":true,\"installed\":true,\"version\":\"9.5.0\",\"resolution\":\"/Users/graphicsdesigner/sell-it/sell-it/functions/node_modules/firebase-admin/lib/index.js\"}"}}
[debug] [2021-02-17T17:54:00.840Z] [runtime-status] [31289] Resolved module firebase-functions {"declared":true,"installed":true,"version":"3.13.1","resolution":"/Users/graphicsdesigner/sell-it/sell-it/functions/node_modules/firebase-functions/lib/index.js"} {"metadata":{"emulator":{"name":"functions"},"message":"[runtime-status] [31289] Resolved module firebase-functions {\"declared\":true,\"installed\":true,\"version\":\"3.13.1\",\"resolution\":\"/Users/graphicsdesigner/sell-it/sell-it/functions/node_modules/firebase-functions/lib/index.js\"}"}}
[debug] [2021-02-17T17:54:00.840Z] [runtime-status] [31289] firebase-admin has been stubbed. {"adminResolution":{"declared":true,"installed":true,"version":"9.5.0","resolution":"/Users/graphicsdesigner/sell-it/sell-it/functions/node_modules/firebase-admin/lib/index.js"}} {"metadata":{"emulator":{"name":"functions"},"message":"[runtime-status] [31289] firebase-admin has been stubbed. {\"adminResolution\":{\"declared\":true,\"installed\":true,\"version\":\"9.5.0\",\"resolution\":\"/Users/graphicsdesigner/sell-it/sell-it/functions/node_modules/firebase-admin/lib/index.js\"}}"}}
[info] ✔  functions[api]: http function initialized (http://localhost:5001/sell-it-9a549/us-central1/api). {"metadata":{"emulator":{"name":"functions"},"message":"\u001b[1mhttp\u001b[22m function initialized (http://localhost:5001/sell-it-9a549/us-central1/api)."}}
[debug] [2021-02-17T17:54:00.989Z] [worker-~diagnostic~-a093e022-a94d-4f5a-87b6-7fb4e385dd87]: IDLE {"metadata":{"emulator":{"name":"functions"},"message":"[worker-~diagnostic~-a093e022-a94d-4f5a-87b6-7fb4e385dd87]: IDLE"}}
[debug] [2021-02-17T17:54:44.034Z] [work-queue] {"queueLength":1,"workRunningCount":0}
[debug] [2021-02-17T17:54:44.034Z] [work-queue] {"queueLength":0,"workRunningCount":1}
[debug] [2021-02-17T17:54:44.035Z] Accepted request GET /sell-it-9a549/us-central1/api --> api
[debug] [2021-02-17T17:54:44.035Z] [worker-pool] Cleaned up workers for ~diagnostic~: 2 --> 1 {"metadata":{"emulator":{"name":"functions"},"message":"[worker-pool] Cleaned up workers for ~diagnostic~: 2 --> 1"}}
[debug] [2021-02-17T17:54:44.039Z] [worker-pool] addWorker(api) {"metadata":{"emulator":{"name":"functions"},"message":"[worker-pool] addWorker(api)"}}
[debug] [2021-02-17T17:54:44.039Z] [worker-pool] Adding worker with key api, total=1 {"metadata":{"emulator":{"name":"functions"},"message":"[worker-pool] Adding worker with key api, total=1"}}
[debug] [2021-02-17T17:54:44.039Z] [worker-pool] submitWork(triggerId=api) {"metadata":{"emulator":{"name":"functions"},"message":"[worker-pool] submitWork(triggerId=api)"}}
[debug] [2021-02-17T17:54:44.040Z] [worker-api-73f0dce1-582f-4b77-82fd-aafe4bd14d30]: Assigning socketPath: /var/folders/hm/bjkxg_c93757qh8d2xq6r7780000gn/T/fire_emu_31330.sock {"metadata":{"emulator":{"name":"functions"},"message":"[worker-api-73f0dce1-582f-4b77-82fd-aafe4bd14d30]: Assigning socketPath: /var/folders/hm/bjkxg_c93757qh8d2xq6r7780000gn/T/fire_emu_31330.sock"}}
[debug] [2021-02-17T17:54:44.040Z] [worker-api-73f0dce1-582f-4b77-82fd-aafe4bd14d30]: BUSY {"metadata":{"emulator":{"name":"functions"},"message":"[worker-api-73f0dce1-582f-4b77-82fd-aafe4bd14d30]: BUSY"}}
[debug] [2021-02-17T17:54:44.267Z] [runtime-status] [31330] Functions runtime initialized. {"cwd":"/Users/graphicsdesigner/sell-it/sell-it/functions","node_version":"10.16.3"} {"metadata":{"emulator":{"name":"functions"},"function":{"name":"api"},"message":"[runtime-status] [31330] Functions runtime initialized. {\"cwd\":\"/Users/graphicsdesigner/sell-it/sell-it/functions\",\"node_version\":\"10.16.3\"}"}}
[debug] [2021-02-17T17:54:44.269Z] [runtime-status] [31330] Disabled runtime features: undefined {"metadata":{"emulator":{"name":"functions"},"function":{"name":"api"},"message":"[runtime-status] [31330] Disabled runtime features: undefined"}}
[debug] [2021-02-17T17:54:44.273Z] [runtime-status] [31330] Resolved module firebase-admin {"declared":true,"installed":true,"version":"9.5.0","resolution":"/Users/graphicsdesigner/sell-it/sell-it/functions/node_modules/firebase-admin/lib/index.js"} {"metadata":{"emulator":{"name":"functions"},"function":{"name":"api"},"message":"[runtime-status] [31330] Resolved module firebase-admin {\"declared\":true,\"installed\":true,\"version\":\"9.5.0\",\"resolution\":\"/Users/graphicsdesigner/sell-it/sell-it/functions/node_modules/firebase-admin/lib/index.js\"}"}}
[debug] [2021-02-17T17:54:44.275Z] [runtime-status] [31330] Resolved module firebase-functions {"declared":true,"installed":true,"version":"3.13.1","resolution":"/Users/graphicsdesigner/sell-it/sell-it/functions/node_modules/firebase-functions/lib/index.js"} {"metadata":{"emulator":{"name":"functions"},"function":{"name":"api"},"message":"[runtime-status] [31330] Resolved module firebase-functions {\"declared\":true,\"installed\":true,\"version\":\"3.13.1\",\"resolution\":\"/Users/graphicsdesigner/sell-it/sell-it/functions/node_modules/firebase-functions/lib/index.js\"}"}}
[debug] [2021-02-17T17:54:44.276Z] [runtime-status] [31330] Resolved module firebase-functions {"declared":true,"installed":true,"version":"3.13.1","resolution":"/Users/graphicsdesigner/sell-it/sell-it/functions/node_modules/firebase-functions/lib/index.js"} {"metadata":{"emulator":{"name":"functions"},"function":{"name":"api"},"message":"[runtime-status] [31330] Resolved module firebase-functions {\"declared\":true,\"installed\":true,\"version\":\"3.13.1\",\"resolution\":\"/Users/graphicsdesigner/sell-it/sell-it/functions/node_modules/firebase-functions/lib/index.js\"}"}}
[debug] [2021-02-17T17:54:44.280Z] [runtime-status] [31330] Outgoing network have been stubbed. [{"name":"http","status":"mocked"},{"name":"http","status":"mocked"},{"name":"https","status":"mocked"},{"name":"https","status":"mocked"},{"name":"net","status":"mocked"}] {"metadata":{"emulator":{"name":"functions"},"function":{"name":"api"},"message":"[runtime-status] [31330] Outgoing network have been stubbed. [{\"name\":\"http\",\"status\":\"mocked\"},{\"name\":\"http\",\"status\":\"mocked\"},{\"name\":\"https\",\"status\":\"mocked\"},{\"name\":\"https\",\"status\":\"mocked\"},{\"name\":\"net\",\"status\":\"mocked\"}]"}}
[debug] [2021-02-17T17:54:44.281Z] [runtime-status] [31330] Resolved module firebase-functions {"declared":true,"installed":true,"version":"3.13.1","resolution":"/Users/graphicsdesigner/sell-it/sell-it/functions/node_modules/firebase-functions/lib/index.js"} {"metadata":{"emulator":{"name":"functions"},"function":{"name":"api"},"message":"[runtime-status] [31330] Resolved module firebase-functions {\"declared\":true,\"installed\":true,\"version\":\"3.13.1\",\"resolution\":\"/Users/graphicsdesigner/sell-it/sell-it/functions/node_modules/firebase-functions/lib/index.js\"}"}}
[debug] [2021-02-17T17:54:44.324Z] [runtime-status] [31330] Checked functions.config() {"config":{}} {"metadata":{"emulator":{"name":"functions"},"function":{"name":"api"},"message":"[runtime-status] [31330] Checked functions.config() {\"config\":{}}"}}
[debug] [2021-02-17T17:54:44.324Z] [runtime-status] [31330] firebase-functions has been stubbed. {"functionsResolution":{"declared":true,"installed":true,"version":"3.13.1","resolution":"/Users/graphicsdesigner/sell-it/sell-it/functions/node_modules/firebase-functions/lib/index.js"}} {"metadata":{"emulator":{"name":"functions"},"function":{"name":"api"},"message":"[runtime-status] [31330] firebase-functions has been stubbed. {\"functionsResolution\":{\"declared\":true,\"installed\":true,\"version\":\"3.13.1\",\"resolution\":\"/Users/graphicsdesigner/sell-it/sell-it/functions/node_modules/firebase-functions/lib/index.js\"}}"}}
[debug] [2021-02-17T17:54:44.325Z] [runtime-status] [31330] Resolved module firebase-functions {"declared":true,"installed":true,"version":"3.13.1","resolution":"/Users/graphicsdesigner/sell-it/sell-it/functions/node_modules/firebase-functions/lib/index.js"} {"metadata":{"emulator":{"name":"functions"},"function":{"name":"api"},"message":"[runtime-status] [31330] Resolved module firebase-functions {\"declared\":true,\"installed\":true,\"version\":\"3.13.1\",\"resolution\":\"/Users/graphicsdesigner/sell-it/sell-it/functions/node_modules/firebase-functions/lib/index.js\"}"}}
[debug] [2021-02-17T17:54:44.326Z] [runtime-status] [31330] Resolved module firebase-admin {"declared":true,"installed":true,"version":"9.5.0","resolution":"/Users/graphicsdesigner/sell-it/sell-it/functions/node_modules/firebase-admin/lib/index.js"} {"metadata":{"emulator":{"name":"functions"},"function":{"name":"api"},"message":"[runtime-status] [31330] Resolved module firebase-admin {\"declared\":true,\"installed\":true,\"version\":\"9.5.0\",\"resolution\":\"/Users/graphicsdesigner/sell-it/sell-it/functions/node_modules/firebase-admin/lib/index.js\"}"}}
[debug] [2021-02-17T17:54:44.326Z] [runtime-status] [31330] Resolved module firebase-functions {"declared":true,"installed":true,"version":"3.13.1","resolution":"/Users/graphicsdesigner/sell-it/sell-it/functions/node_modules/firebase-functions/lib/index.js"} {"metadata":{"emulator":{"name":"functions"},"function":{"name":"api"},"message":"[runtime-status] [31330] Resolved module firebase-functions {\"declared\":true,\"installed\":true,\"version\":\"3.13.1\",\"resolution\":\"/Users/graphicsdesigner/sell-it/sell-it/functions/node_modules/firebase-functions/lib/index.js\"}"}}
[debug] [2021-02-17T17:54:44.326Z] [runtime-status] [31330] firebase-admin has been stubbed. {"adminResolution":{"declared":true,"installed":true,"version":"9.5.0","resolution":"/Users/graphicsdesigner/sell-it/sell-it/functions/node_modules/firebase-admin/lib/index.js"}} {"metadata":{"emulator":{"name":"functions"},"function":{"name":"api"},"message":"[runtime-status] [31330] firebase-admin has been stubbed. {\"adminResolution\":{\"declared\":true,\"installed\":true,\"version\":\"9.5.0\",\"resolution\":\"/Users/graphicsdesigner/sell-it/sell-it/functions/node_modules/firebase-admin/lib/index.js\"}}"}}
[debug] [2021-02-17T17:54:44.417Z] [runtime-status] [31330] Trigger "api" has been found, beginning invocation! {"metadata":{"emulator":{"name":"functions"},"function":{"name":"api"},"message":"[runtime-status] [31330] Trigger \"api\" has been found, beginning invocation!"}}
[info] i  functions: Beginning execution of "api" {"metadata":{"emulator":{"name":"functions"},"function":{"name":"api"},"message":"Beginning execution of \"api\""}}
[debug] [2021-02-17T17:54:44.418Z] [runtime-status] [31330] triggerDefinition {"httpsTrigger":{},"name":"api","entryPoint":"api"} {"metadata":{"emulator":{"name":"functions"},"function":{"name":"api"},"message":"[runtime-status] [31330] triggerDefinition {\"httpsTrigger\":{},\"name\":\"api\",\"entryPoint\":\"api\"}"}}
[debug] [2021-02-17T17:54:44.418Z] [runtime-status] [31330] Running api in mode HTTPS {"metadata":{"emulator":{"name":"functions"},"function":{"name":"api"},"message":"[runtime-status] [31330] Running api in mode HTTPS"}}
[debug] [2021-02-17T17:54:44.425Z] [runtime-status] [31330] Attempting to listen to socketPath: /var/folders/hm/bjkxg_c93757qh8d2xq6r7780000gn/T/fire_emu_31330.sock {"metadata":{"emulator":{"name":"functions"},"function":{"name":"api"},"message":"[runtime-status] [31330] Attempting to listen to socketPath: /var/folders/hm/bjkxg_c93757qh8d2xq6r7780000gn/T/fire_emu_31330.sock"}}
[debug] [2021-02-17T17:54:44.429Z] [functions] Runtime ready! Sending request! {"metadata":{"emulator":{"name":"functions"},"message":"[functions] Runtime ready! Sending request!"}}
[debug] [2021-02-17T17:54:44.430Z] [functions] Got req.url=/sell-it-9a549/us-central1/api, mapping to path=/ {"metadata":{"emulator":{"name":"functions"},"message":"[functions] Got req.url=/sell-it-9a549/us-central1/api, mapping to path=/"}}
[debug] [2021-02-17T17:54:44.439Z] [runtime-status] [31330] Ephemeral server handling GET request {"metadata":{"emulator":{"name":"functions"},"function":{"name":"api"},"message":"[runtime-status] [31330] Ephemeral server handling GET request"}}
[debug] [2021-02-17T17:54:44.448Z] [runtime-status] [31330] Ephemeral server survived. {"metadata":{"emulator":{"name":"functions"},"function":{"name":"api"},"message":"[runtime-status] [31330] Ephemeral server survived."}}
[info] i  functions: Finished "api" in ~1s {"metadata":{"emulator":{"name":"functions"},"function":{"name":"api"},"message":"Finished \"api\" in ~1s"}}
[debug] [2021-02-17T17:54:44.450Z] [worker-api-73f0dce1-582f-4b77-82fd-aafe4bd14d30]: IDLE {"metadata":{"emulator":{"name":"functions"},"message":"[worker-api-73f0dce1-582f-4b77-82fd-aafe4bd14d30]: IDLE"}}
[debug] [2021-02-17T17:54:44.450Z] [work-queue] {"queueLength":0,"workRunningCount":0}
[debug] [2021-02-17T18:46:37.922Z] [work-queue] {"queueLength":1,"workRunningCount":0}
[debug] [2021-02-17T18:46:37.922Z] [work-queue] {"queueLength":0,"workRunningCount":1}
[debug] [2021-02-17T18:46:37.922Z] Accepted request GET /sell-it-9a549/us-central1/api/bytes --> api
[debug] [2021-02-17T18:46:37.923Z] [worker-pool] submitWork(triggerId=api) {"metadata":{"emulator":{"name":"functions"},"message":"[worker-pool] submitWork(triggerId=api)"}}
[debug] [2021-02-17T18:46:37.923Z] [worker-api-73f0dce1-582f-4b77-82fd-aafe4bd14d30]: Assigning socketPath: /var/folders/hm/bjkxg_c93757qh8d2xq6r7780000gn/T/fire_emu_31330.sock {"metadata":{"emulator":{"name":"functions"},"message":"[worker-api-73f0dce1-582f-4b77-82fd-aafe4bd14d30]: Assigning socketPath: /var/folders/hm/bjkxg_c93757qh8d2xq6r7780000gn/T/fire_emu_31330.sock"}}
[debug] [2021-02-17T18:46:37.923Z] [worker-api-73f0dce1-582f-4b77-82fd-aafe4bd14d30]: BUSY {"metadata":{"emulator":{"name":"functions"},"message":"[worker-api-73f0dce1-582f-4b77-82fd-aafe4bd14d30]: BUSY"}}
[debug] [2021-02-17T18:46:37.923Z] [runtime-status] [31330] Trigger "api" has been found, beginning invocation! {"metadata":{"emulator":{"name":"functions"},"function":{"name":"api"},"message":"[runtime-status] [31330] Trigger \"api\" has been found, beginning invocation!"}}
[info] i  functions: Beginning execution of "api" {"metadata":{"emulator":{"name":"functions"},"function":{"name":"api"},"message":"Beginning execution of \"api\""}}
[debug] [2021-02-17T18:46:37.924Z] [runtime-status] [31330] triggerDefinition {"httpsTrigger":{},"name":"api","entryPoint":"api"} {"metadata":{"emulator":{"name":"functions"},"function":{"name":"api"},"message":"[runtime-status] [31330] triggerDefinition {\"httpsTrigger\":{},\"name\":\"api\",\"entryPoint\":\"api\"}"}}
[debug] [2021-02-17T18:46:37.924Z] [runtime-status] [31330] Running api in mode HTTPS {"metadata":{"emulator":{"name":"functions"},"function":{"name":"api"},"message":"[runtime-status] [31330] Running api in mode HTTPS"}}
[debug] [2021-02-17T18:46:37.924Z] [runtime-status] [31330] Attempting to listen to socketPath: /var/folders/hm/bjkxg_c93757qh8d2xq6r7780000gn/T/fire_emu_31330.sock {"metadata":{"emulator":{"name":"functions"},"function":{"name":"api"},"message":"[runtime-status] [31330] Attempting to listen to socketPath: /var/folders/hm/bjkxg_c93757qh8d2xq6r7780000gn/T/fire_emu_31330.sock"}}
[debug] [2021-02-17T18:46:37.925Z] [functions] Runtime ready! Sending request! {"metadata":{"emulator":{"name":"functions"},"message":"[functions] Runtime ready! Sending request!"}}
[debug] [2021-02-17T18:46:37.926Z] [functions] Got req.url=/sell-it-9a549/us-central1/api/bytes, mapping to path=/bytes {"metadata":{"emulator":{"name":"functions"},"message":"[functions] Got req.url=/sell-it-9a549/us-central1/api/bytes, mapping to path=/bytes"}}
[debug] [2021-02-17T18:46:37.928Z] [runtime-status] [31330] Ephemeral server handling GET request {"metadata":{"emulator":{"name":"functions"},"function":{"name":"api"},"message":"[runtime-status] [31330] Ephemeral server handling GET request"}}
[debug] [2021-02-17T18:46:37.931Z] [runtime-status] [31330] Ephemeral server survived. {"metadata":{"emulator":{"name":"functions"},"function":{"name":"api"},"message":"[runtime-status] [31330] Ephemeral server survived."}}
[info] i  functions: Finished "api" in ~1s {"metadata":{"emulator":{"name":"functions"},"function":{"name":"api"},"message":"Finished \"api\" in ~1s"}}
[debug] [2021-02-17T18:46:37.932Z] [worker-api-73f0dce1-582f-4b77-82fd-aafe4bd14d30]: IDLE {"metadata":{"emulator":{"name":"functions"},"message":"[worker-api-73f0dce1-582f-4b77-82fd-aafe4bd14d30]: IDLE"}}
[debug] [2021-02-17T18:46:37.932Z] [work-queue] {"queueLength":0,"workRunningCount":0}
[debug] [2021-02-17T18:46:58.372Z] File /Users/graphicsdesigner/sell-it/sell-it/functions/index.js changed, reloading triggers {"metadata":{"emulator":{"name":"functions"},"message":"File /Users/graphicsdesigner/sell-it/sell-it/functions/index.js changed, reloading triggers"}}
[debug] [2021-02-17T18:46:59.376Z] [worker-pool] Shutting down IDLE worker (~diagnostic~) {"metadata":{"emulator":{"name":"functions"},"message":"[worker-pool] Shutting down IDLE worker (~diagnostic~)"}}
[debug] [2021-02-17T18:46:59.376Z] [worker-~diagnostic~-a093e022-a94d-4f5a-87b6-7fb4e385dd87]: FINISHING {"metadata":{"emulator":{"name":"functions"},"message":"[worker-~diagnostic~-a093e022-a94d-4f5a-87b6-7fb4e385dd87]: FINISHING"}}
[debug] [2021-02-17T18:46:59.376Z] [worker-pool] Shutting down IDLE worker (api) {"metadata":{"emulator":{"name":"functions"},"message":"[worker-pool] Shutting down IDLE worker (api)"}}
[debug] [2021-02-17T18:46:59.376Z] [worker-api-73f0dce1-582f-4b77-82fd-aafe4bd14d30]: FINISHING {"metadata":{"emulator":{"name":"functions"},"message":"[worker-api-73f0dce1-582f-4b77-82fd-aafe4bd14d30]: FINISHING"}}
[debug] [2021-02-17T18:46:59.382Z] [worker-pool] addWorker(~diagnostic~) {"metadata":{"emulator":{"name":"functions"},"message":"[worker-pool] addWorker(~diagnostic~)"}}
[debug] [2021-02-17T18:46:59.382Z] [worker-pool] Adding worker with key ~diagnostic~, total=2 {"metadata":{"emulator":{"name":"functions"},"message":"[worker-pool] Adding worker with key ~diagnostic~, total=2"}}
[debug] [2021-02-17T18:46:59.382Z] [worker-pool] submitWork(triggerId=) {"metadata":{"emulator":{"name":"functions"},"message":"[worker-pool] submitWork(triggerId=)"}}
[debug] [2021-02-17T18:46:59.382Z] [worker-~diagnostic~-e2f5fe16-838a-4c34-b075-b77d4c1927f8]: Assigning socketPath: /var/folders/hm/bjkxg_c93757qh8d2xq6r7780000gn/T/fire_emu_33331.sock {"metadata":{"emulator":{"name":"functions"},"message":"[worker-~diagnostic~-e2f5fe16-838a-4c34-b075-b77d4c1927f8]: Assigning socketPath: /var/folders/hm/bjkxg_c93757qh8d2xq6r7780000gn/T/fire_emu_33331.sock"}}
[debug] [2021-02-17T18:46:59.382Z] [worker-~diagnostic~-e2f5fe16-838a-4c34-b075-b77d4c1927f8]: BUSY {"metadata":{"emulator":{"name":"functions"},"message":"[worker-~diagnostic~-e2f5fe16-838a-4c34-b075-b77d4c1927f8]: BUSY"}}
[debug] [2021-02-17T18:46:59.384Z] [worker-~diagnostic~-a093e022-a94d-4f5a-87b6-7fb4e385dd87]: exited {"metadata":{"emulator":{"name":"functions"},"message":"[worker-~diagnostic~-a093e022-a94d-4f5a-87b6-7fb4e385dd87]: exited"}}
[debug] [2021-02-17T18:46:59.384Z] [worker-~diagnostic~-a093e022-a94d-4f5a-87b6-7fb4e385dd87]: FINISHED {"metadata":{"emulator":{"name":"functions"},"message":"[worker-~diagnostic~-a093e022-a94d-4f5a-87b6-7fb4e385dd87]: FINISHED"}}
[debug] [2021-02-17T18:46:59.385Z] [worker-api-73f0dce1-582f-4b77-82fd-aafe4bd14d30]: exited {"metadata":{"emulator":{"name":"functions"},"message":"[worker-api-73f0dce1-582f-4b77-82fd-aafe4bd14d30]: exited"}}
[debug] [2021-02-17T18:46:59.385Z] [worker-api-73f0dce1-582f-4b77-82fd-aafe4bd14d30]: FINISHED {"metadata":{"emulator":{"name":"functions"},"message":"[worker-api-73f0dce1-582f-4b77-82fd-aafe4bd14d30]: FINISHED"}}
[debug] [2021-02-17T18:46:59.652Z] [runtime-status] [33331] Functions runtime initialized. {"cwd":"/Users/graphicsdesigner/sell-it/sell-it/functions","node_version":"10.16.3"} {"metadata":{"emulator":{"name":"functions"},"message":"[runtime-status] [33331] Functions runtime initialized. {\"cwd\":\"/Users/graphicsdesigner/sell-it/sell-it/functions\",\"node_version\":\"10.16.3\"}"}}
[debug] [2021-02-17T18:46:59.655Z] [runtime-status] [33331] Disabled runtime features: undefined {"metadata":{"emulator":{"name":"functions"},"message":"[runtime-status] [33331] Disabled runtime features: undefined"}}
[debug] [2021-02-17T18:46:59.660Z] [runtime-status] [33331] Resolved module firebase-admin {"declared":true,"installed":true,"version":"9.5.0","resolution":"/Users/graphicsdesigner/sell-it/sell-it/functions/node_modules/firebase-admin/lib/index.js"} {"metadata":{"emulator":{"name":"functions"},"message":"[runtime-status] [33331] Resolved module firebase-admin {\"declared\":true,\"installed\":true,\"version\":\"9.5.0\",\"resolution\":\"/Users/graphicsdesigner/sell-it/sell-it/functions/node_modules/firebase-admin/lib/index.js\"}"}}
[debug] [2021-02-17T18:46:59.661Z] [runtime-status] [33331] Resolved module firebase-functions {"declared":true,"installed":true,"version":"3.13.1","resolution":"/Users/graphicsdesigner/sell-it/sell-it/functions/node_modules/firebase-functions/lib/index.js"} {"metadata":{"emulator":{"name":"functions"},"message":"[runtime-status] [33331] Resolved module firebase-functions {\"declared\":true,\"installed\":true,\"version\":\"3.13.1\",\"resolution\":\"/Users/graphicsdesigner/sell-it/sell-it/functions/node_modules/firebase-functions/lib/index.js\"}"}}
[debug] [2021-02-17T18:46:59.662Z] [runtime-status] [33331] Resolved module firebase-functions {"declared":true,"installed":true,"version":"3.13.1","resolution":"/Users/graphicsdesigner/sell-it/sell-it/functions/node_modules/firebase-functions/lib/index.js"} {"metadata":{"emulator":{"name":"functions"},"message":"[runtime-status] [33331] Resolved module firebase-functions {\"declared\":true,\"installed\":true,\"version\":\"3.13.1\",\"resolution\":\"/Users/graphicsdesigner/sell-it/sell-it/functions/node_modules/firebase-functions/lib/index.js\"}"}}
[debug] [2021-02-17T18:46:59.665Z] [runtime-status] [33331] Outgoing network have been stubbed. [{"name":"http","status":"mocked"},{"name":"http","status":"mocked"},{"name":"https","status":"mocked"},{"name":"https","status":"mocked"},{"name":"net","status":"mocked"}] {"metadata":{"emulator":{"name":"functions"},"message":"[runtime-status] [33331] Outgoing network have been stubbed. [{\"name\":\"http\",\"status\":\"mocked\"},{\"name\":\"http\",\"status\":\"mocked\"},{\"name\":\"https\",\"status\":\"mocked\"},{\"name\":\"https\",\"status\":\"mocked\"},{\"name\":\"net\",\"status\":\"mocked\"}]"}}
[debug] [2021-02-17T18:46:59.666Z] [runtime-status] [33331] Resolved module firebase-functions {"declared":true,"installed":true,"version":"3.13.1","resolution":"/Users/graphicsdesigner/sell-it/sell-it/functions/node_modules/firebase-functions/lib/index.js"} {"metadata":{"emulator":{"name":"functions"},"message":"[runtime-status] [33331] Resolved module firebase-functions {\"declared\":true,\"installed\":true,\"version\":\"3.13.1\",\"resolution\":\"/Users/graphicsdesigner/sell-it/sell-it/functions/node_modules/firebase-functions/lib/index.js\"}"}}
[debug] [2021-02-17T18:46:59.729Z] [runtime-status] [33331] Checked functions.config() {"config":{}} {"metadata":{"emulator":{"name":"functions"},"message":"[runtime-status] [33331] Checked functions.config() {\"config\":{}}"}}
[debug] [2021-02-17T18:46:59.729Z] [runtime-status] [33331] firebase-functions has been stubbed. {"functionsResolution":{"declared":true,"installed":true,"version":"3.13.1","resolution":"/Users/graphicsdesigner/sell-it/sell-it/functions/node_modules/firebase-functions/lib/index.js"}} {"metadata":{"emulator":{"name":"functions"},"message":"[runtime-status] [33331] firebase-functions has been stubbed. {\"functionsResolution\":{\"declared\":true,\"installed\":true,\"version\":\"3.13.1\",\"resolution\":\"/Users/graphicsdesigner/sell-it/sell-it/functions/node_modules/firebase-functions/lib/index.js\"}}"}}
[debug] [2021-02-17T18:46:59.730Z] [runtime-status] [33331] Resolved module firebase-functions {"declared":true,"installed":true,"version":"3.13.1","resolution":"/Users/graphicsdesigner/sell-it/sell-it/functions/node_modules/firebase-functions/lib/index.js"} {"metadata":{"emulator":{"name":"functions"},"message":"[runtime-status] [33331] Resolved module firebase-functions {\"declared\":true,\"installed\":true,\"version\":\"3.13.1\",\"resolution\":\"/Users/graphicsdesigner/sell-it/sell-it/functions/node_modules/firebase-functions/lib/index.js\"}"}}
[debug] [2021-02-17T18:46:59.731Z] [runtime-status] [33331] Resolved module firebase-admin {"declared":true,"installed":true,"version":"9.5.0","resolution":"/Users/graphicsdesigner/sell-it/sell-it/functions/node_modules/firebase-admin/lib/index.js"} {"metadata":{"emulator":{"name":"functions"},"message":"[runtime-status] [33331] Resolved module firebase-admin {\"declared\":true,\"installed\":true,\"version\":\"9.5.0\",\"resolution\":\"/Users/graphicsdesigner/sell-it/sell-it/functions/node_modules/firebase-admin/lib/index.js\"}"}}
[debug] [2021-02-17T18:46:59.731Z] [runtime-status] [33331] Resolved module firebase-functions {"declared":true,"installed":true,"version":"3.13.1","resolution":"/Users/graphicsdesigner/sell-it/sell-it/functions/node_modules/firebase-functions/lib/index.js"} {"metadata":{"emulator":{"name":"functions"},"message":"[runtime-status] [33331] Resolved module firebase-functions {\"declared\":true,\"installed\":true,\"version\":\"3.13.1\",\"resolution\":\"/Users/graphicsdesigner/sell-it/sell-it/functions/node_modules/firebase-functions/lib/index.js\"}"}}
[debug] [2021-02-17T18:46:59.731Z] [runtime-status] [33331] firebase-admin has been stubbed. {"adminResolution":{"declared":true,"installed":true,"version":"9.5.0","resolution":"/Users/graphicsdesigner/sell-it/sell-it/functions/node_modules/firebase-admin/lib/index.js"}} {"metadata":{"emulator":{"name":"functions"},"message":"[runtime-status] [33331] firebase-admin has been stubbed. {\"adminResolution\":{\"declared\":true,\"installed\":true,\"version\":\"9.5.0\",\"resolution\":\"/Users/graphicsdesigner/sell-it/sell-it/functions/node_modules/firebase-admin/lib/index.js\"}}"}}
[debug] [2021-02-17T18:46:59.908Z] [worker-~diagnostic~-e2f5fe16-838a-4c34-b075-b77d4c1927f8]: IDLE {"metadata":{"emulator":{"name":"functions"},"message":"[worker-~diagnostic~-e2f5fe16-838a-4c34-b075-b77d4c1927f8]: IDLE"}}
[debug] [2021-02-17T18:47:01.681Z] [work-queue] {"queueLength":1,"workRunningCount":0}
[debug] [2021-02-17T18:47:01.681Z] [work-queue] {"queueLength":0,"workRunningCount":1}
[debug] [2021-02-17T18:47:01.681Z] Accepted request GET /sell-it-9a549/us-central1/api/bytes --> api
[debug] [2021-02-17T18:47:01.681Z] [worker-pool] Cleaned up workers for ~diagnostic~: 2 --> 1 {"metadata":{"emulator":{"name":"functions"},"message":"[worker-pool] Cleaned up workers for ~diagnostic~: 2 --> 1"}}
[debug] [2021-02-17T18:47:01.681Z] [worker-pool] Cleaned up workers for api: 1 --> 0 {"metadata":{"emulator":{"name":"functions"},"message":"[worker-pool] Cleaned up workers for api: 1 --> 0"}}
[debug] [2021-02-17T18:47:01.685Z] [worker-pool] addWorker(api) {"metadata":{"emulator":{"name":"functions"},"message":"[worker-pool] addWorker(api)"}}
[debug] [2021-02-17T18:47:01.685Z] [worker-pool] Adding worker with key api, total=1 {"metadata":{"emulator":{"name":"functions"},"message":"[worker-pool] Adding worker with key api, total=1"}}
[debug] [2021-02-17T18:47:01.685Z] [worker-pool] submitWork(triggerId=api) {"metadata":{"emulator":{"name":"functions"},"message":"[worker-pool] submitWork(triggerId=api)"}}
[debug] [2021-02-17T18:47:01.685Z] [worker-api-ab9c03ca-461c-458d-aec2-c4d6a7526de5]: Assigning socketPath: /var/folders/hm/bjkxg_c93757qh8d2xq6r7780000gn/T/fire_emu_33340.sock {"metadata":{"emulator":{"name":"functions"},"message":"[worker-api-ab9c03ca-461c-458d-aec2-c4d6a7526de5]: Assigning socketPath: /var/folders/hm/bjkxg_c93757qh8d2xq6r7780000gn/T/fire_emu_33340.sock"}}
[debug] [2021-02-17T18:47:01.685Z] [worker-api-ab9c03ca-461c-458d-aec2-c4d6a7526de5]: BUSY {"metadata":{"emulator":{"name":"functions"},"message":"[worker-api-ab9c03ca-461c-458d-aec2-c4d6a7526de5]: BUSY"}}
[debug] [2021-02-17T18:47:01.885Z] [runtime-status] [33340] Functions runtime initialized. {"cwd":"/Users/graphicsdesigner/sell-it/sell-it/functions","node_version":"10.16.3"} {"metadata":{"emulator":{"name":"functions"},"function":{"name":"api"},"message":"[runtime-status] [33340] Functions runtime initialized. {\"cwd\":\"/Users/graphicsdesigner/sell-it/sell-it/functions\",\"node_version\":\"10.16.3\"}"}}
[debug] [2021-02-17T18:47:01.888Z] [runtime-status] [33340] Disabled runtime features: undefined {"metadata":{"emulator":{"name":"functions"},"function":{"name":"api"},"message":"[runtime-status] [33340] Disabled runtime features: undefined"}}
[debug] [2021-02-17T18:47:01.891Z] [runtime-status] [33340] Resolved module firebase-admin {"declared":true,"installed":true,"version":"9.5.0","resolution":"/Users/graphicsdesigner/sell-it/sell-it/functions/node_modules/firebase-admin/lib/index.js"} {"metadata":{"emulator":{"name":"functions"},"function":{"name":"api"},"message":"[runtime-status] [33340] Resolved module firebase-admin {\"declared\":true,\"installed\":true,\"version\":\"9.5.0\",\"resolution\":\"/Users/graphicsdesigner/sell-it/sell-it/functions/node_modules/firebase-admin/lib/index.js\"}"}}
[debug] [2021-02-17T18:47:01.892Z] [runtime-status] [33340] Resolved module firebase-functions {"declared":true,"installed":true,"version":"3.13.1","resolution":"/Users/graphicsdesigner/sell-it/sell-it/functions/node_modules/firebase-functions/lib/index.js"} {"metadata":{"emulator":{"name":"functions"},"function":{"name":"api"},"message":"[runtime-status] [33340] Resolved module firebase-functions {\"declared\":true,\"installed\":true,\"version\":\"3.13.1\",\"resolution\":\"/Users/graphicsdesigner/sell-it/sell-it/functions/node_modules/firebase-functions/lib/index.js\"}"}}
[debug] [2021-02-17T18:47:01.892Z] [runtime-status] [33340] Resolved module firebase-functions {"declared":true,"installed":true,"version":"3.13.1","resolution":"/Users/graphicsdesigner/sell-it/sell-it/functions/node_modules/firebase-functions/lib/index.js"} {"metadata":{"emulator":{"name":"functions"},"function":{"name":"api"},"message":"[runtime-status] [33340] Resolved module firebase-functions {\"declared\":true,\"installed\":true,\"version\":\"3.13.1\",\"resolution\":\"/Users/graphicsdesigner/sell-it/sell-it/functions/node_modules/firebase-functions/lib/index.js\"}"}}
[debug] [2021-02-17T18:47:01.897Z] [runtime-status] [33340] Outgoing network have been stubbed. [{"name":"http","status":"mocked"},{"name":"http","status":"mocked"},{"name":"https","status":"mocked"},{"name":"https","status":"mocked"},{"name":"net","status":"mocked"}] {"metadata":{"emulator":{"name":"functions"},"function":{"name":"api"},"message":"[runtime-status] [33340] Outgoing network have been stubbed. [{\"name\":\"http\",\"status\":\"mocked\"},{\"name\":\"http\",\"status\":\"mocked\"},{\"name\":\"https\",\"status\":\"mocked\"},{\"name\":\"https\",\"status\":\"mocked\"},{\"name\":\"net\",\"status\":\"mocked\"}]"}}
[debug] [2021-02-17T18:47:01.897Z] [runtime-status] [33340] Resolved module firebase-functions {"declared":true,"installed":true,"version":"3.13.1","resolution":"/Users/graphicsdesigner/sell-it/sell-it/functions/node_modules/firebase-functions/lib/index.js"} {"metadata":{"emulator":{"name":"functions"},"function":{"name":"api"},"message":"[runtime-status] [33340] Resolved module firebase-functions {\"declared\":true,\"installed\":true,\"version\":\"3.13.1\",\"resolution\":\"/Users/graphicsdesigner/sell-it/sell-it/functions/node_modules/firebase-functions/lib/index.js\"}"}}
[debug] [2021-02-17T18:47:01.937Z] [runtime-status] [33340] Checked functions.config() {"config":{}} {"metadata":{"emulator":{"name":"functions"},"function":{"name":"api"},"message":"[runtime-status] [33340] Checked functions.config() {\"config\":{}}"}}
[debug] [2021-02-17T18:47:01.937Z] [runtime-status] [33340] firebase-functions has been stubbed. {"functionsResolution":{"declared":true,"installed":true,"version":"3.13.1","resolution":"/Users/graphicsdesigner/sell-it/sell-it/functions/node_modules/firebase-functions/lib/index.js"}} {"metadata":{"emulator":{"name":"functions"},"function":{"name":"api"},"message":"[runtime-status] [33340] firebase-functions has been stubbed. {\"functionsResolution\":{\"declared\":true,\"installed\":true,\"version\":\"3.13.1\",\"resolution\":\"/Users/graphicsdesigner/sell-it/sell-it/functions/node_modules/firebase-functions/lib/index.js\"}}"}}
[debug] [2021-02-17T18:47:01.938Z] [runtime-status] [33340] Resolved module firebase-functions {"declared":true,"installed":true,"version":"3.13.1","resolution":"/Users/graphicsdesigner/sell-it/sell-it/functions/node_modules/firebase-functions/lib/index.js"} {"metadata":{"emulator":{"name":"functions"},"function":{"name":"api"},"message":"[runtime-status] [33340] Resolved module firebase-functions {\"declared\":true,\"installed\":true,\"version\":\"3.13.1\",\"resolution\":\"/Users/graphicsdesigner/sell-it/sell-it/functions/node_modules/firebase-functions/lib/index.js\"}"}}
[debug] [2021-02-17T18:47:01.938Z] [runtime-status] [33340] Resolved module firebase-admin {"declared":true,"installed":true,"version":"9.5.0","resolution":"/Users/graphicsdesigner/sell-it/sell-it/functions/node_modules/firebase-admin/lib/index.js"} {"metadata":{"emulator":{"name":"functions"},"function":{"name":"api"},"message":"[runtime-status] [33340] Resolved module firebase-admin {\"declared\":true,\"installed\":true,\"version\":\"9.5.0\",\"resolution\":\"/Users/graphicsdesigner/sell-it/sell-it/functions/node_modules/firebase-admin/lib/index.js\"}"}}
[debug] [2021-02-17T18:47:01.939Z] [runtime-status] [33340] Resolved module firebase-functions {"declared":true,"installed":true,"version":"3.13.1","resolution":"/Users/graphicsdesigner/sell-it/sell-it/functions/node_modules/firebase-functions/lib/index.js"} {"metadata":{"emulator":{"name":"functions"},"function":{"name":"api"},"message":"[runtime-status] [33340] Resolved module firebase-functions {\"declared\":true,\"installed\":true,\"version\":\"3.13.1\",\"resolution\":\"/Users/graphicsdesigner/sell-it/sell-it/functions/node_modules/firebase-functions/lib/index.js\"}"}}
[debug] [2021-02-17T18:47:01.939Z] [runtime-status] [33340] firebase-admin has been stubbed. {"adminResolution":{"declared":true,"installed":true,"version":"9.5.0","resolution":"/Users/graphicsdesigner/sell-it/sell-it/functions/node_modules/firebase-admin/lib/index.js"}} {"metadata":{"emulator":{"name":"functions"},"function":{"name":"api"},"message":"[runtime-status] [33340] firebase-admin has been stubbed. {\"adminResolution\":{\"declared\":true,\"installed\":true,\"version\":\"9.5.0\",\"resolution\":\"/Users/graphicsdesigner/sell-it/sell-it/functions/node_modules/firebase-admin/lib/index.js\"}}"}}
[debug] [2021-02-17T18:47:02.022Z] [runtime-status] [33340] Trigger "api" has been found, beginning invocation! {"metadata":{"emulator":{"name":"functions"},"function":{"name":"api"},"message":"[runtime-status] [33340] Trigger \"api\" has been found, beginning invocation!"}}
[info] i  functions: Beginning execution of "api" {"metadata":{"emulator":{"name":"functions"},"function":{"name":"api"},"message":"Beginning execution of \"api\""}}
[debug] [2021-02-17T18:47:02.023Z] [runtime-status] [33340] triggerDefinition {"httpsTrigger":{},"name":"api","entryPoint":"api"} {"metadata":{"emulator":{"name":"functions"},"function":{"name":"api"},"message":"[runtime-status] [33340] triggerDefinition {\"httpsTrigger\":{},\"name\":\"api\",\"entryPoint\":\"api\"}"}}
[debug] [2021-02-17T18:47:02.023Z] [runtime-status] [33340] Running api in mode HTTPS {"metadata":{"emulator":{"name":"functions"},"function":{"name":"api"},"message":"[runtime-status] [33340] Running api in mode HTTPS"}}
[debug] [2021-02-17T18:47:02.028Z] [runtime-status] [33340] Attempting to listen to socketPath: /var/folders/hm/bjkxg_c93757qh8d2xq6r7780000gn/T/fire_emu_33340.sock {"metadata":{"emulator":{"name":"functions"},"function":{"name":"api"},"message":"[runtime-status] [33340] Attempting to listen to socketPath: /var/folders/hm/bjkxg_c93757qh8d2xq6r7780000gn/T/fire_emu_33340.sock"}}
[debug] [2021-02-17T18:47:02.032Z] [functions] Runtime ready! Sending request! {"metadata":{"emulator":{"name":"functions"},"message":"[functions] Runtime ready! Sending request!"}}
[debug] [2021-02-17T18:47:02.032Z] [functions] Got req.url=/sell-it-9a549/us-central1/api/bytes, mapping to path=/bytes {"metadata":{"emulator":{"name":"functions"},"message":"[functions] Got req.url=/sell-it-9a549/us-central1/api/bytes, mapping to path=/bytes"}}
[debug] [2021-02-17T18:47:02.039Z] [runtime-status] [33340] Ephemeral server handling GET request {"metadata":{"emulator":{"name":"functions"},"function":{"name":"api"},"message":"[runtime-status] [33340] Ephemeral server handling GET request"}}
[debug] [2021-02-17T18:47:02.048Z] [runtime-status] [33340] Ephemeral server survived. {"metadata":{"emulator":{"name":"functions"},"function":{"name":"api"},"message":"[runtime-status] [33340] Ephemeral server survived."}}
[info] i  functions: Finished "api" in ~1s {"metadata":{"emulator":{"name":"functions"},"function":{"name":"api"},"message":"Finished \"api\" in ~1s"}}
[debug] [2021-02-17T18:47:02.050Z] [worker-api-ab9c03ca-461c-458d-aec2-c4d6a7526de5]: IDLE {"metadata":{"emulator":{"name":"functions"},"message":"[worker-api-ab9c03ca-461c-458d-aec2-c4d6a7526de5]: IDLE"}}
[debug] [2021-02-17T18:47:02.050Z] [work-queue] {"queueLength":0,"workRunningCount":0}
[debug] [2021-02-17T18:47:02.071Z] Functions emulator received unknown request at path /favicon.ico
[debug] [2021-02-17T19:06:49.958Z] File /Users/graphicsdesigner/sell-it/sell-it/functions/index.js changed, reloading triggers {"metadata":{"emulator":{"name":"functions"},"message":"File /Users/graphicsdesigner/sell-it/sell-it/functions/index.js changed, reloading triggers"}}
[debug] [2021-02-17T19:06:50.958Z] [worker-pool] Shutting down IDLE worker (~diagnostic~) {"metadata":{"emulator":{"name":"functions"},"message":"[worker-pool] Shutting down IDLE worker (~diagnostic~)"}}
[debug] [2021-02-17T19:06:50.958Z] [worker-~diagnostic~-e2f5fe16-838a-4c34-b075-b77d4c1927f8]: FINISHING {"metadata":{"emulator":{"name":"functions"},"message":"[worker-~diagnostic~-e2f5fe16-838a-4c34-b075-b77d4c1927f8]: FINISHING"}}
[debug] [2021-02-17T19:06:50.958Z] [worker-pool] Shutting down IDLE worker (api) {"metadata":{"emulator":{"name":"functions"},"message":"[worker-pool] Shutting down IDLE worker (api)"}}
[debug] [2021-02-17T19:06:50.959Z] [worker-api-ab9c03ca-461c-458d-aec2-c4d6a7526de5]: FINISHING {"metadata":{"emulator":{"name":"functions"},"message":"[worker-api-ab9c03ca-461c-458d-aec2-c4d6a7526de5]: FINISHING"}}
[debug] [2021-02-17T19:06:50.964Z] [worker-pool] addWorker(~diagnostic~) {"metadata":{"emulator":{"name":"functions"},"message":"[worker-pool] addWorker(~diagnostic~)"}}
[debug] [2021-02-17T19:06:50.964Z] [worker-pool] Adding worker with key ~diagnostic~, total=2 {"metadata":{"emulator":{"name":"functions"},"message":"[worker-pool] Adding worker with key ~diagnostic~, total=2"}}
[debug] [2021-02-17T19:06:50.964Z] [worker-pool] submitWork(triggerId=) {"metadata":{"emulator":{"name":"functions"},"message":"[worker-pool] submitWork(triggerId=)"}}
[debug] [2021-02-17T19:06:50.964Z] [worker-~diagnostic~-c1773abb-4f4b-491d-a0ab-e3fe5d620dd2]: Assigning socketPath: /var/folders/hm/bjkxg_c93757qh8d2xq6r7780000gn/T/fire_emu_34620.sock {"metadata":{"emulator":{"name":"functions"},"message":"[worker-~diagnostic~-c1773abb-4f4b-491d-a0ab-e3fe5d620dd2]: Assigning socketPath: /var/folders/hm/bjkxg_c93757qh8d2xq6r7780000gn/T/fire_emu_34620.sock"}}
[debug] [2021-02-17T19:06:50.965Z] [worker-~diagnostic~-c1773abb-4f4b-491d-a0ab-e3fe5d620dd2]: BUSY {"metadata":{"emulator":{"name":"functions"},"message":"[worker-~diagnostic~-c1773abb-4f4b-491d-a0ab-e3fe5d620dd2]: BUSY"}}
[debug] [2021-02-17T19:06:50.965Z] [worker-~diagnostic~-e2f5fe16-838a-4c34-b075-b77d4c1927f8]: exited {"metadata":{"emulator":{"name":"functions"},"message":"[worker-~diagnostic~-e2f5fe16-838a-4c34-b075-b77d4c1927f8]: exited"}}
[debug] [2021-02-17T19:06:50.966Z] [worker-~diagnostic~-e2f5fe16-838a-4c34-b075-b77d4c1927f8]: FINISHED {"metadata":{"emulator":{"name":"functions"},"message":"[worker-~diagnostic~-e2f5fe16-838a-4c34-b075-b77d4c1927f8]: FINISHED"}}
[debug] [2021-02-17T19:06:50.966Z] [worker-api-ab9c03ca-461c-458d-aec2-c4d6a7526de5]: exited {"metadata":{"emulator":{"name":"functions"},"message":"[worker-api-ab9c03ca-461c-458d-aec2-c4d6a7526de5]: exited"}}
[debug] [2021-02-17T19:06:50.966Z] [worker-api-ab9c03ca-461c-458d-aec2-c4d6a7526de5]: FINISHED {"metadata":{"emulator":{"name":"functions"},"message":"[worker-api-ab9c03ca-461c-458d-aec2-c4d6a7526de5]: FINISHED"}}
[debug] [2021-02-17T19:06:51.218Z] [runtime-status] [34620] Functions runtime initialized. {"cwd":"/Users/graphicsdesigner/sell-it/sell-it/functions","node_version":"10.16.3"} {"metadata":{"emulator":{"name":"functions"},"message":"[runtime-status] [34620] Functions runtime initialized. {\"cwd\":\"/Users/graphicsdesigner/sell-it/sell-it/functions\",\"node_version\":\"10.16.3\"}"}}
[debug] [2021-02-17T19:06:51.220Z] [runtime-status] [34620] Disabled runtime features: undefined {"metadata":{"emulator":{"name":"functions"},"message":"[runtime-status] [34620] Disabled runtime features: undefined"}}
[debug] [2021-02-17T19:06:51.225Z] [runtime-status] [34620] Resolved module firebase-admin {"declared":true,"installed":true,"version":"9.5.0","resolution":"/Users/graphicsdesigner/sell-it/sell-it/functions/node_modules/firebase-admin/lib/index.js"} {"metadata":{"emulator":{"name":"functions"},"message":"[runtime-status] [34620] Resolved module firebase-admin {\"declared\":true,\"installed\":true,\"version\":\"9.5.0\",\"resolution\":\"/Users/graphicsdesigner/sell-it/sell-it/functions/node_modules/firebase-admin/lib/index.js\"}"}}
[debug] [2021-02-17T19:06:51.227Z] [runtime-status] [34620] Resolved module firebase-functions {"declared":true,"installed":true,"version":"3.13.1","resolution":"/Users/graphicsdesigner/sell-it/sell-it/functions/node_modules/firebase-functions/lib/index.js"} {"metadata":{"emulator":{"name":"functions"},"message":"[runtime-status] [34620] Resolved module firebase-functions {\"declared\":true,\"installed\":true,\"version\":\"3.13.1\",\"resolution\":\"/Users/graphicsdesigner/sell-it/sell-it/functions/node_modules/firebase-functions/lib/index.js\"}"}}
[debug] [2021-02-17T19:06:51.228Z] [runtime-status] [34620] Resolved module firebase-functions {"declared":true,"installed":true,"version":"3.13.1","resolution":"/Users/graphicsdesigner/sell-it/sell-it/functions/node_modules/firebase-functions/lib/index.js"} {"metadata":{"emulator":{"name":"functions"},"message":"[runtime-status] [34620] Resolved module firebase-functions {\"declared\":true,\"installed\":true,\"version\":\"3.13.1\",\"resolution\":\"/Users/graphicsdesigner/sell-it/sell-it/functions/node_modules/firebase-functions/lib/index.js\"}"}}
[debug] [2021-02-17T19:06:51.231Z] [runtime-status] [34620] Outgoing network have been stubbed. [{"name":"http","status":"mocked"},{"name":"http","status":"mocked"},{"name":"https","status":"mocked"},{"name":"https","status":"mocked"},{"name":"net","status":"mocked"}] {"metadata":{"emulator":{"name":"functions"},"message":"[runtime-status] [34620] Outgoing network have been stubbed. [{\"name\":\"http\",\"status\":\"mocked\"},{\"name\":\"http\",\"status\":\"mocked\"},{\"name\":\"https\",\"status\":\"mocked\"},{\"name\":\"https\",\"status\":\"mocked\"},{\"name\":\"net\",\"status\":\"mocked\"}]"}}
[debug] [2021-02-17T19:06:51.232Z] [runtime-status] [34620] Resolved module firebase-functions {"declared":true,"installed":true,"version":"3.13.1","resolution":"/Users/graphicsdesigner/sell-it/sell-it/functions/node_modules/firebase-functions/lib/index.js"} {"metadata":{"emulator":{"name":"functions"},"message":"[runtime-status] [34620] Resolved module firebase-functions {\"declared\":true,\"installed\":true,\"version\":\"3.13.1\",\"resolution\":\"/Users/graphicsdesigner/sell-it/sell-it/functions/node_modules/firebase-functions/lib/index.js\"}"}}
[debug] [2021-02-17T19:06:51.293Z] [runtime-status] [34620] Checked functions.config() {"config":{}} {"metadata":{"emulator":{"name":"functions"},"message":"[runtime-status] [34620] Checked functions.config() {\"config\":{}}"}}
[debug] [2021-02-17T19:06:51.293Z] [runtime-status] [34620] firebase-functions has been stubbed. {"functionsResolution":{"declared":true,"installed":true,"version":"3.13.1","resolution":"/Users/graphicsdesigner/sell-it/sell-it/functions/node_modules/firebase-functions/lib/index.js"}} {"metadata":{"emulator":{"name":"functions"},"message":"[runtime-status] [34620] firebase-functions has been stubbed. {\"functionsResolution\":{\"declared\":true,\"installed\":true,\"version\":\"3.13.1\",\"resolution\":\"/Users/graphicsdesigner/sell-it/sell-it/functions/node_modules/firebase-functions/lib/index.js\"}}"}}
[debug] [2021-02-17T19:06:51.294Z] [runtime-status] [34620] Resolved module firebase-functions {"declared":true,"installed":true,"version":"3.13.1","resolution":"/Users/graphicsdesigner/sell-it/sell-it/functions/node_modules/firebase-functions/lib/index.js"} {"metadata":{"emulator":{"name":"functions"},"message":"[runtime-status] [34620] Resolved module firebase-functions {\"declared\":true,\"installed\":true,\"version\":\"3.13.1\",\"resolution\":\"/Users/graphicsdesigner/sell-it/sell-it/functions/node_modules/firebase-functions/lib/index.js\"}"}}
[debug] [2021-02-17T19:06:51.295Z] [runtime-status] [34620] Resolved module firebase-admin {"declared":true,"installed":true,"version":"9.5.0","resolution":"/Users/graphicsdesigner/sell-it/sell-it/functions/node_modules/firebase-admin/lib/index.js"} {"metadata":{"emulator":{"name":"functions"},"message":"[runtime-status] [34620] Resolved module firebase-admin {\"declared\":true,\"installed\":true,\"version\":\"9.5.0\",\"resolution\":\"/Users/graphicsdesigner/sell-it/sell-it/functions/node_modules/firebase-admin/lib/index.js\"}"}}
[debug] [2021-02-17T19:06:51.295Z] [runtime-status] [34620] Resolved module firebase-functions {"declared":true,"installed":true,"version":"3.13.1","resolution":"/Users/graphicsdesigner/sell-it/sell-it/functions/node_modules/firebase-functions/lib/index.js"} {"metadata":{"emulator":{"name":"functions"},"message":"[runtime-status] [34620] Resolved module firebase-functions {\"declared\":true,\"installed\":true,\"version\":\"3.13.1\",\"resolution\":\"/Users/graphicsdesigner/sell-it/sell-it/functions/node_modules/firebase-functions/lib/index.js\"}"}}
[debug] [2021-02-17T19:06:51.295Z] [runtime-status] [34620] firebase-admin has been stubbed. {"adminResolution":{"declared":true,"installed":true,"version":"9.5.0","resolution":"/Users/graphicsdesigner/sell-it/sell-it/functions/node_modules/firebase-admin/lib/index.js"}} {"metadata":{"emulator":{"name":"functions"},"message":"[runtime-status] [34620] firebase-admin has been stubbed. {\"adminResolution\":{\"declared\":true,\"installed\":true,\"version\":\"9.5.0\",\"resolution\":\"/Users/graphicsdesigner/sell-it/sell-it/functions/node_modules/firebase-admin/lib/index.js\"}}"}}
[debug] [2021-02-17T19:06:51.429Z] [worker-~diagnostic~-c1773abb-4f4b-491d-a0ab-e3fe5d620dd2]: IDLE {"metadata":{"emulator":{"name":"functions"},"message":"[worker-~diagnostic~-c1773abb-4f4b-491d-a0ab-e3fe5d620dd2]: IDLE"}}
[debug] [2021-02-17T19:24:09.768Z] [work-queue] {"queueLength":1,"workRunningCount":0}
[debug] [2021-02-17T19:24:09.768Z] [work-queue] {"queueLength":0,"workRunningCount":1}
[debug] [2021-02-17T19:24:09.768Z] Accepted request POST /sell-it-9a549/us-central1/api/payments/create?total=9298 --> api
[debug] [2021-02-17T19:24:09.768Z] [worker-pool] Cleaned up workers for ~diagnostic~: 2 --> 1 {"metadata":{"emulator":{"name":"functions"},"message":"[worker-pool] Cleaned up workers for ~diagnostic~: 2 --> 1"}}
[debug] [2021-02-17T19:24:09.768Z] [worker-pool] Cleaned up workers for api: 1 --> 0 {"metadata":{"emulator":{"name":"functions"},"message":"[worker-pool] Cleaned up workers for api: 1 --> 0"}}
[debug] [2021-02-17T19:24:09.772Z] [worker-pool] addWorker(api) {"metadata":{"emulator":{"name":"functions"},"message":"[worker-pool] addWorker(api)"}}
[debug] [2021-02-17T19:24:09.772Z] [worker-pool] Adding worker with key api, total=1 {"metadata":{"emulator":{"name":"functions"},"message":"[worker-pool] Adding worker with key api, total=1"}}
[debug] [2021-02-17T19:24:09.772Z] [worker-pool] submitWork(triggerId=api) {"metadata":{"emulator":{"name":"functions"},"message":"[worker-pool] submitWork(triggerId=api)"}}
[debug] [2021-02-17T19:24:09.772Z] [worker-api-59f3ac0b-8883-4eab-89de-23e6ba9806bb]: Assigning socketPath: /var/folders/hm/bjkxg_c93757qh8d2xq6r7780000gn/T/fire_emu_35325.sock {"metadata":{"emulator":{"name":"functions"},"message":"[worker-api-59f3ac0b-8883-4eab-89de-23e6ba9806bb]: Assigning socketPath: /var/folders/hm/bjkxg_c93757qh8d2xq6r7780000gn/T/fire_emu_35325.sock"}}
[debug] [2021-02-17T19:24:09.772Z] [worker-api-59f3ac0b-8883-4eab-89de-23e6ba9806bb]: BUSY {"metadata":{"emulator":{"name":"functions"},"message":"[worker-api-59f3ac0b-8883-4eab-89de-23e6ba9806bb]: BUSY"}}
[debug] [2021-02-17T19:24:10.031Z] [runtime-status] [35325] Functions runtime initialized. {"cwd":"/Users/graphicsdesigner/sell-it/sell-it/functions","node_version":"10.16.3"} {"metadata":{"emulator":{"name":"functions"},"function":{"name":"api"},"message":"[runtime-status] [35325] Functions runtime initialized. {\"cwd\":\"/Users/graphicsdesigner/sell-it/sell-it/functions\",\"node_version\":\"10.16.3\"}"}}
[debug] [2021-02-17T19:24:10.033Z] [runtime-status] [35325] Disabled runtime features: undefined {"metadata":{"emulator":{"name":"functions"},"function":{"name":"api"},"message":"[runtime-status] [35325] Disabled runtime features: undefined"}}
[debug] [2021-02-17T19:24:10.037Z] [runtime-status] [35325] Resolved module firebase-admin {"declared":true,"installed":true,"version":"9.5.0","resolution":"/Users/graphicsdesigner/sell-it/sell-it/functions/node_modules/firebase-admin/lib/index.js"} {"metadata":{"emulator":{"name":"functions"},"function":{"name":"api"},"message":"[runtime-status] [35325] Resolved module firebase-admin {\"declared\":true,\"installed\":true,\"version\":\"9.5.0\",\"resolution\":\"/Users/graphicsdesigner/sell-it/sell-it/functions/node_modules/firebase-admin/lib/index.js\"}"}}
[debug] [2021-02-17T19:24:10.039Z] [runtime-status] [35325] Resolved module firebase-functions {"declared":true,"installed":true,"version":"3.13.1","resolution":"/Users/graphicsdesigner/sell-it/sell-it/functions/node_modules/firebase-functions/lib/index.js"} {"metadata":{"emulator":{"name":"functions"},"function":{"name":"api"},"message":"[runtime-status] [35325] Resolved module firebase-functions {\"declared\":true,\"installed\":true,\"version\":\"3.13.1\",\"resolution\":\"/Users/graphicsdesigner/sell-it/sell-it/functions/node_modules/firebase-functions/lib/index.js\"}"}}
[debug] [2021-02-17T19:24:10.040Z] [runtime-status] [35325] Resolved module firebase-functions {"declared":true,"installed":true,"version":"3.13.1","resolution":"/Users/graphicsdesigner/sell-it/sell-it/functions/node_modules/firebase-functions/lib/index.js"} {"metadata":{"emulator":{"name":"functions"},"function":{"name":"api"},"message":"[runtime-status] [35325] Resolved module firebase-functions {\"declared\":true,\"installed\":true,\"version\":\"3.13.1\",\"resolution\":\"/Users/graphicsdesigner/sell-it/sell-it/functions/node_modules/firebase-functions/lib/index.js\"}"}}
[debug] [2021-02-17T19:24:10.043Z] [runtime-status] [35325] Outgoing network have been stubbed. [{"name":"http","status":"mocked"},{"name":"http","status":"mocked"},{"name":"https","status":"mocked"},{"name":"https","status":"mocked"},{"name":"net","status":"mocked"}] {"metadata":{"emulator":{"name":"functions"},"function":{"name":"api"},"message":"[runtime-status] [35325] Outgoing network have been stubbed. [{\"name\":\"http\",\"status\":\"mocked\"},{\"name\":\"http\",\"status\":\"mocked\"},{\"name\":\"https\",\"status\":\"mocked\"},{\"name\":\"https\",\"status\":\"mocked\"},{\"name\":\"net\",\"status\":\"mocked\"}]"}}
[debug] [2021-02-17T19:24:10.044Z] [runtime-status] [35325] Resolved module firebase-functions {"declared":true,"installed":true,"version":"3.13.1","resolution":"/Users/graphicsdesigner/sell-it/sell-it/functions/node_modules/firebase-functions/lib/index.js"} {"metadata":{"emulator":{"name":"functions"},"function":{"name":"api"},"message":"[runtime-status] [35325] Resolved module firebase-functions {\"declared\":true,\"installed\":true,\"version\":\"3.13.1\",\"resolution\":\"/Users/graphicsdesigner/sell-it/sell-it/functions/node_modules/firebase-functions/lib/index.js\"}"}}
[debug] [2021-02-17T19:24:10.100Z] [runtime-status] [35325] Checked functions.config() {"config":{}} {"metadata":{"emulator":{"name":"functions"},"function":{"name":"api"},"message":"[runtime-status] [35325] Checked functions.config() {\"config\":{}}"}}
[debug] [2021-02-17T19:24:10.100Z] [runtime-status] [35325] firebase-functions has been stubbed. {"functionsResolution":{"declared":true,"installed":true,"version":"3.13.1","resolution":"/Users/graphicsdesigner/sell-it/sell-it/functions/node_modules/firebase-functions/lib/index.js"}} {"metadata":{"emulator":{"name":"functions"},"function":{"name":"api"},"message":"[runtime-status] [35325] firebase-functions has been stubbed. {\"functionsResolution\":{\"declared\":true,\"installed\":true,\"version\":\"3.13.1\",\"resolution\":\"/Users/graphicsdesigner/sell-it/sell-it/functions/node_modules/firebase-functions/lib/index.js\"}}"}}
[debug] [2021-02-17T19:24:10.101Z] [runtime-status] [35325] Resolved module firebase-functions {"declared":true,"installed":true,"version":"3.13.1","resolution":"/Users/graphicsdesigner/sell-it/sell-it/functions/node_modules/firebase-functions/lib/index.js"} {"metadata":{"emulator":{"name":"functions"},"function":{"name":"api"},"message":"[runtime-status] [35325] Resolved module firebase-functions {\"declared\":true,\"installed\":true,\"version\":\"3.13.1\",\"resolution\":\"/Users/graphicsdesigner/sell-it/sell-it/functions/node_modules/firebase-functions/lib/index.js\"}"}}
[debug] [2021-02-17T19:24:10.101Z] [runtime-status] [35325] Resolved module firebase-admin {"declared":true,"installed":true,"version":"9.5.0","resolution":"/Users/graphicsdesigner/sell-it/sell-it/functions/node_modules/firebase-admin/lib/index.js"} {"metadata":{"emulator":{"name":"functions"},"function":{"name":"api"},"message":"[runtime-status] [35325] Resolved module firebase-admin {\"declared\":true,\"installed\":true,\"version\":\"9.5.0\",\"resolution\":\"/Users/graphicsdesigner/sell-it/sell-it/functions/node_modules/firebase-admin/lib/index.js\"}"}}
[debug] [2021-02-17T19:24:10.102Z] [runtime-status] [35325] Resolved module firebase-functions {"declared":true,"installed":true,"version":"3.13.1","resolution":"/Users/graphicsdesigner/sell-it/sell-it/functions/node_modules/firebase-functions/lib/index.js"} {"metadata":{"emulator":{"name":"functions"},"function":{"name":"api"},"message":"[runtime-status] [35325] Resolved module firebase-functions {\"declared\":true,\"installed\":true,\"version\":\"3.13.1\",\"resolution\":\"/Users/graphicsdesigner/sell-it/sell-it/functions/node_modules/firebase-functions/lib/index.js\"}"}}
[debug] [2021-02-17T19:24:10.102Z] [runtime-status] [35325] firebase-admin has been stubbed. {"adminResolution":{"declared":true,"installed":true,"version":"9.5.0","resolution":"/Users/graphicsdesigner/sell-it/sell-it/functions/node_modules/firebase-admin/lib/index.js"}} {"metadata":{"emulator":{"name":"functions"},"function":{"name":"api"},"message":"[runtime-status] [35325] firebase-admin has been stubbed. {\"adminResolution\":{\"declared\":true,\"installed\":true,\"version\":\"9.5.0\",\"resolution\":\"/Users/graphicsdesigner/sell-it/sell-it/functions/node_modules/firebase-admin/lib/index.js\"}}"}}
[debug] [2021-02-17T19:24:10.240Z] [runtime-status] [35325] Trigger "api" has been found, beginning invocation! {"metadata":{"emulator":{"name":"functions"},"function":{"name":"api"},"message":"[runtime-status] [35325] Trigger \"api\" has been found, beginning invocation!"}}
[info] i  functions: Beginning execution of "api" {"metadata":{"emulator":{"name":"functions"},"function":{"name":"api"},"message":"Beginning execution of \"api\""}}
[debug] [2021-02-17T19:24:10.240Z] [runtime-status] [35325] triggerDefinition {"httpsTrigger":{},"name":"api","entryPoint":"api"} {"metadata":{"emulator":{"name":"functions"},"function":{"name":"api"},"message":"[runtime-status] [35325] triggerDefinition {\"httpsTrigger\":{},\"name\":\"api\",\"entryPoint\":\"api\"}"}}
[debug] [2021-02-17T19:24:10.240Z] [runtime-status] [35325] Running api in mode HTTPS {"metadata":{"emulator":{"name":"functions"},"function":{"name":"api"},"message":"[runtime-status] [35325] Running api in mode HTTPS"}}
[debug] [2021-02-17T19:24:10.246Z] [runtime-status] [35325] Attempting to listen to socketPath: /var/folders/hm/bjkxg_c93757qh8d2xq6r7780000gn/T/fire_emu_35325.sock {"metadata":{"emulator":{"name":"functions"},"function":{"name":"api"},"message":"[runtime-status] [35325] Attempting to listen to socketPath: /var/folders/hm/bjkxg_c93757qh8d2xq6r7780000gn/T/fire_emu_35325.sock"}}
[debug] [2021-02-17T19:24:10.251Z] [functions] Runtime ready! Sending request! {"metadata":{"emulator":{"name":"functions"},"message":"[functions] Runtime ready! Sending request!"}}
[debug] [2021-02-17T19:24:10.251Z] [functions] Got req.url=/sell-it-9a549/us-central1/api/payments/create?total=9298, mapping to path=/payments/create?total=9298 {"metadata":{"emulator":{"name":"functions"},"message":"[functions] Got req.url=/sell-it-9a549/us-central1/api/payments/create?total=9298, mapping to path=/payments/create?total=9298"}}
[debug] [2021-02-17T19:24:10.260Z] [runtime-status] [35325] Ephemeral server handling POST request {"metadata":{"emulator":{"name":"functions"},"function":{"name":"api"},"message":"[runtime-status] [35325] Ephemeral server handling POST request"}}
[info] >  Payment Request Received amounts to >>> 9298 {"user":"Payment Request Received amounts to >>> 9298","metadata":{"emulator":{"name":"functions"},"function":{"name":"api"},"message":"\u001b[90m> \u001b[39m Payment Request Received amounts to >>> 9298"}}
[debug] [2021-02-17T19:24:10.272Z] [runtime-status] [35325] Ephemeral server survived. {"metadata":{"emulator":{"name":"functions"},"function":{"name":"api"},"message":"[runtime-status] [35325] Ephemeral server survived."}}
[info] i  functions: Finished "api" in ~1s {"metadata":{"emulator":{"name":"functions"},"function":{"name":"api"},"message":"Finished \"api\" in ~1s"}}
[debug] [2021-02-17T19:24:11.897Z] [worker-api-59f3ac0b-8883-4eab-89de-23e6ba9806bb]: IDLE {"metadata":{"emulator":{"name":"functions"},"message":"[worker-api-59f3ac0b-8883-4eab-89de-23e6ba9806bb]: IDLE"}}
[debug] [2021-02-17T19:24:11.898Z] [work-queue] {"queueLength":0,"workRunningCount":0}
